ch09_ex2_TipCalculator/app/build/intermediates/manifest_merge_blame_file/debug/manifest-merger-blame-debug-report.txt
1<?xml version="1.0" encoding="utf-8"?>
2<manifest xmlns:android="http://schemas.android.com/apk/res/android"
3    package="com.murach.tipcalculator"
4    android:versionCode="1"
5    android:versionName="1.0" >
6
7    <uses-sdk
8        android:minSdkVersion="19"
8-->src\main\AndroidManifest.xml
9        android:targetSdkVersion="28" />
9-->src\main\AndroidManifest.xml
10
11    <application
11-->src\main\AndroidManifest.xml:7:5-30:19
12        android:allowBackup="true"
12-->src\main\AndroidManifest.xml:11:9-35
13        android:debuggable="true"
14        android:icon="@drawable/ic_launcher"
14-->src\main\AndroidManifest.xml:8:9-45
15        android:label="@string/app_name"
15-->src\main\AndroidManifest.xml:9:9-41
16        android:theme="@style/AppTheme" >
16-->src\main\AndroidManifest.xml:10:9-40
17        <activity
17-->src\main\AndroidManifest.xml:12:9-20:20
18            android:name="com.murach.tipcalculator.TipCalculatorActivity"
18-->src\main\AndroidManifest.xml:13:13-74
19            android:label="@string/title_activity_tip_calculator" >
19-->src\main\AndroidManifest.xml:14:13-66
20            <intent-filter>
20-->src\main\AndroidManifest.xml:15:13-19:29
21                <action android:name="android.intent.action.MAIN" />
21-->src\main\AndroidManifest.xml:16:17-69
21-->src\main\AndroidManifest.xml:16:25-66
22
23                <category android:name="android.intent.category.LAUNCHER" />
23-->src\main\AndroidManifest.xml:18:17-77
23-->src\main\AndroidManifest.xml:18:27-74
24            </intent-filter>
25        </activity>
26        <activity
26-->src\main\AndroidManifest.xml:21:9-24:20
27            android:name="com.murach.tipcalculator.SettingsActivity"
27-->src\main\AndroidManifest.xml:22:13-69
28            android:label="@string/title_activity_settings" >
28-->src\main\AndroidManifest.xml:23:13-60
29        </activity>
30        <activity
30-->src\main\AndroidManifest.xml:25:9-29:20
31            android:name="com.murach.tipcalculator.AboutActivity"
31-->src\main\AndroidManifest.xml:26:13-66
32            android:label="@string/title_activity_about"
32-->src\main\AndroidManifest.xml:27:13-57
33            android:theme="@style/DialogTheme" >
33-->src\main\AndroidManifest.xml:28:13-47
34        </activity>
35    </application>
36
37</manifest>